<?xml version="1.0" encoding="UTF-8"?>
<testng-results ignored="0" total="1" passed="1" failed="0" skipped="0">
  <reporter-output>
  </reporter-output>
  <suite started-at="2024-01-31T17:43:12 ICT" name="Default suite" finished-at="2024-01-31T17:43:20 ICT" duration-ms="8450">
    <groups>
    </groups>
    <test started-at="2024-01-31T17:43:12 ICT" name="Default test" finished-at="2024-01-31T17:43:20 ICT" duration-ms="8450">
      <class name="testpackage.Demo">
        <test-method signature="demo()[pri:0, instance:testpackage.Demo@73e9cf30]" started-at="2024-01-31T17:43:12 ICT" name="demo" finished-at="2024-01-31T17:43:20 ICT" duration-ms="8418" status="PASS">
          <reporter-output>
          </reporter-output>
        </test-method> <!-- demo -->
      </class> <!-- testpackage.Demo -->
    </test> <!-- Default test -->
  </suite> <!-- Default suite -->
</testng-results>
